2014年09月19日  22:28:52
java.net.BindException: Address already in use: Cannot bind
	at java.net.DualStackPlainDatagramSocketImpl.socketBind(Native Method)
	at java.net.DualStackPlainDatagramSocketImpl.bind0(Unknown Source)
	at java.net.AbstractPlainDatagramSocketImpl.bind(Unknown Source)
	at java.net.DatagramSocket.bind(Unknown Source)
	at java.net.DatagramSocket.<init>(Unknown Source)
	at java.net.DatagramSocket.<init>(Unknown Source)
	at Chat.receiveThread.run(receiveThread.java:15)
	at java.lang.Thread.run(Unknown Source)

2014年09月19日  22:34:33
java.net.BindException: Address already in use: Cannot bind
	at java.net.DualStackPlainDatagramSocketImpl.socketBind(Native Method)
	at java.net.DualStackPlainDatagramSocketImpl.bind0(Unknown Source)
	at java.net.AbstractPlainDatagramSocketImpl.bind(Unknown Source)
	at java.net.DatagramSocket.bind(Unknown Source)
	at java.net.DatagramSocket.<init>(Unknown Source)
	at java.net.DatagramSocket.<init>(Unknown Source)
	at Chat.receiveThread.run(receiveThread.java:15)
	at java.lang.Thread.run(Unknown Source)

